2019-11-27 14:50:16,660 INFO: SUBMITTED LOGIN DETAILS 
2019-11-27 14:51:33,553 INFO: LOGIN PAGE LOADED 
2019-11-27 14:51:37,248 INFO: LOGIN PAGE LOADED 
2019-11-27 14:51:37,248 INFO: LOGIN PAGE LOADED 
2019-11-27 14:51:37,250 INFO: SUBMITTED LOGIN DETAILS 
2019-11-27 14:51:37,250 INFO: SUBMITTED LOGIN DETAILS 
2019-11-27 14:51:50,698 INFO: LOGIN PAGE LOADED 
2019-11-27 14:51:54,501 INFO: LOGIN PAGE LOADED 
2019-11-27 14:51:54,501 INFO: LOGIN PAGE LOADED 
2019-11-27 14:51:54,503 INFO: SUBMITTED LOGIN DETAILS 
2019-11-27 14:51:54,503 INFO: SUBMITTED LOGIN DETAILS 
2019-11-27 14:52:11,264 INFO: LOGIN PAGE LOADED 
2019-11-27 14:52:14,838 INFO: LOGIN PAGE LOADED 
2019-11-27 14:52:14,838 INFO: LOGIN PAGE LOADED 
2019-11-27 14:52:14,839 INFO: SUBMITTED LOGIN DETAILS 
2019-11-27 14:52:14,839 INFO: SUBMITTED LOGIN DETAILS 
2019-11-27 14:52:33,556 INFO: LOGIN PAGE LOADED 
2019-11-27 14:52:36,022 INFO: LOGIN PAGE LOADED 
2019-11-27 14:52:36,022 INFO: LOGIN PAGE LOADED 
2019-11-27 14:52:36,024 INFO: SUBMITTED LOGIN DETAILS 
2019-11-27 14:52:36,024 INFO: SUBMITTED LOGIN DETAILS 
2019-11-27 16:04:27,878 INFO: LOGIN PAGE LOADED 
2019-11-27 16:04:27,878 INFO: LOGIN PAGE LOADED 
2019-11-27 16:04:27,878 INFO: LOGIN PAGE LOADED 
2019-11-27 16:04:32,867 INFO: LOGIN PAGE LOADED 
2019-11-27 16:04:32,867 INFO: LOGIN PAGE LOADED 
2019-11-27 16:04:32,867 INFO: LOGIN PAGE LOADED 
2019-11-27 16:04:32,867 INFO: LOGIN PAGE LOADED 
2019-11-27 16:04:32,869 INFO: SUBMITTED LOGIN DETAILS 
2019-11-27 16:04:32,869 INFO: SUBMITTED LOGIN DETAILS 
2019-11-27 16:04:32,869 INFO: SUBMITTED LOGIN DETAILS 
2019-11-27 16:04:32,869 INFO: SUBMITTED LOGIN DETAILS 
2019-11-27 16:12:09,374 INFO: LOGIN PAGE LOADED 
2019-11-27 16:12:13,646 INFO: LOGIN PAGE LOADED 
2019-11-27 16:12:13,646 INFO: LOGIN PAGE LOADED 
2019-11-27 16:12:13,647 INFO: SUBMITTED LOGIN DETAILS 
2019-11-27 16:12:13,647 INFO: SUBMITTED LOGIN DETAILS 
2019-11-27 16:13:47,356 INFO: LOGIN PAGE LOADED 
2019-11-27 16:13:51,306 INFO: LOGIN PAGE LOADED 
2019-11-27 16:13:51,306 INFO: LOGIN PAGE LOADED 
2019-11-27 16:13:51,307 INFO: SUBMITTED LOGIN DETAILS 
2019-11-27 16:13:51,307 INFO: SUBMITTED LOGIN DETAILS 
2019-11-27 16:16:17,495 INFO: LOGIN PAGE LOADED 
2019-11-27 16:16:20,137 INFO: LOGIN PAGE LOADED 
2019-11-27 16:16:20,137 INFO: LOGIN PAGE LOADED 
2019-11-27 16:16:20,138 INFO: SUBMITTED LOGIN DETAILS 
2019-11-27 16:16:20,138 INFO: SUBMITTED LOGIN DETAILS 
2019-11-27 16:17:08,625 INFO: LOGIN PAGE LOADED 
2019-11-27 16:17:11,210 INFO: LOGIN PAGE LOADED 
2019-11-27 16:17:11,210 INFO: LOGIN PAGE LOADED 
2019-11-27 16:17:11,211 INFO: SUBMITTED LOGIN DETAILS 
2019-11-27 16:17:11,211 INFO: SUBMITTED LOGIN DETAILS 
2019-11-27 16:17:30,746 INFO: LOGIN PAGE LOADED 
2019-11-27 16:17:33,030 INFO: LOGIN PAGE LOADED 
2019-11-27 16:17:33,030 INFO: LOGIN PAGE LOADED 
2019-11-27 16:17:33,031 INFO: SUBMITTED LOGIN DETAILS 
2019-11-27 16:17:33,031 INFO: SUBMITTED LOGIN DETAILS 
2019-11-27 16:17:50,300 INFO: LOGIN PAGE LOADED 
2019-11-27 16:17:50,300 INFO: LOGIN PAGE LOADED 
2019-11-27 16:17:50,300 INFO: LOGIN PAGE LOADED 
2019-11-27 16:17:50,302 INFO: SUBMITTED LOGIN DETAILS 
2019-11-27 16:17:50,302 INFO: SUBMITTED LOGIN DETAILS 
2019-11-27 16:17:50,302 INFO: SUBMITTED LOGIN DETAILS 
2019-11-27 16:18:50,496 INFO: LOGIN PAGE LOADED 
2019-11-27 16:18:53,574 INFO: LOGIN PAGE LOADED 
2019-11-27 16:18:53,574 INFO: LOGIN PAGE LOADED 
2019-11-27 16:18:53,575 INFO: SUBMITTED LOGIN DETAILS 
2019-11-27 16:18:53,575 INFO: SUBMITTED LOGIN DETAILS 
2019-11-27 16:18:53,615 INFO: USER LOGGED IN 
2019-11-27 16:18:53,615 INFO: USER LOGGED IN 
2019-11-27 16:18:53,630 INFO: DISPLAYING REVIEWS 
2019-11-27 16:18:53,630 INFO: DISPLAYING REVIEWS 
2019-11-27 16:18:56,221 INFO: LOGIN PAGE LOADED 
2019-11-27 16:18:56,221 INFO: LOGIN PAGE LOADED 
2019-11-27 16:18:56,221 INFO: LOGIN PAGE LOADED 
2019-11-27 16:18:58,774 INFO: LOGIN PAGE LOADED 
2019-11-27 16:18:58,774 INFO: LOGIN PAGE LOADED 
2019-11-27 16:18:58,774 INFO: LOGIN PAGE LOADED 
2019-11-27 16:18:58,774 INFO: LOGIN PAGE LOADED 
2019-11-27 16:18:58,776 INFO: SUBMITTED LOGIN DETAILS 
2019-11-27 16:18:58,776 INFO: SUBMITTED LOGIN DETAILS 
2019-11-27 16:18:58,776 INFO: SUBMITTED LOGIN DETAILS 
2019-11-27 16:18:58,776 INFO: SUBMITTED LOGIN DETAILS 
2019-11-27 16:18:58,781 ERROR: FAILED LOGIN 
2019-11-27 16:18:58,781 ERROR: FAILED LOGIN 
2019-11-27 16:18:58,781 ERROR: FAILED LOGIN 
2019-11-27 16:18:58,781 ERROR: FAILED LOGIN 
